20221016	17:21:39	cf9aebc1-0647-4d14-9b42-215b26e039ea	GET	/	undefined
20221016	17:21:39	88bda418-532c-4087-a39b-26e54f254c58	GET	/css/style.css	undefined
20221016	17:21:39	21aa43ec-1e94-4987-930d-daa7bcbde6db	GET	/favicon.ico	undefined
20221016	22:10:08	3a5684f8-a0db-4cde-b5a7-217fc38990e1	OPTIONS	/	https://www.google.com
20221016	22:10:08	2e611eb1-2df6-44bd-90b6-d2a568b902ec	GET	/	https://www.google.com
20221017	22:21:28	8cca3996-d4c2-490d-b2ed-ba0688f394fb	GET	/404	undefined
20221017	22:21:29	d3a11059-7854-4778-8061-e10897a9a815	GET	/css/style.css	undefined
20221017	22:21:29	949dde45-bffc-4d73-9780-47a1648a701c	GET	/favicon.ico	undefined
20221017	22:24:17	40ae9133-153f-4dd6-a43e-a11f389b3554	GET	/404	undefined
20221017	22:24:17	f04416c0-3e9d-477a-a8aa-bafcfddb5610	GET	/css/style.css	undefined
20221017	22:28:09	becc9eee-3158-4dbb-a669-60080b26efe1	GET	/matt	undefined
20221017	22:28:09	14d3f14c-09f0-4603-8957-28cadf5700e1	GET	/css/style.css	undefined
20221017	23:53:14	6ed1c587-633e-4cd3-a800-301833f53d90	GET	/	undefined
20221017	23:53:14	3b1106e1-d084-4dca-b53b-f8edc7126e18	GET	/css/style.css	undefined
20221017	23:53:14	8665c0ca-985a-4d40-96bf-163fe095807f	GET	/favicon.ico	undefined
20221017	23:56:06	ad49a565-4fb9-43d7-bfa5-afaa6876398f	GET	/matt	undefined
20221017	23:56:06	1159fc9c-4fc8-48d9-92fb-2a169a01ed91	GET	/css/style.css	undefined
20221029	17:15:49	7ef60b5f-fc37-4a23-a31d-9e3d3bcb4473	GET	/	undefined
20221029	17:15:49	c10fa96f-3cc0-4830-a57a-f1dcbc4b069d	GET	/css/style.css	undefined
20221029	17:15:49	1c15a0a9-ed05-4e8c-8c06-6e01ad8b60d2	GET	/favicon.ico	undefined
20221030	16:24:26	03b284e4-707b-4760-953c-9d08aa432977	GET	/	undefined
20221030	16:24:26	1b904517-d2e0-4c9d-b8fb-c85178c34b75	GET	/css/style.css	undefined
20221030	16:24:26	d8bc9bf9-9c41-421a-8146-a570f0cfeaa6	GET	/favicon.ico	undefined
20221031	12:46:24	4d52b4df-328c-4a6a-96a1-b6c423a4cdb6	GET	/users	undefined
20221031	12:47:12	8a0395f2-b518-476f-986f-e445a4f2ece0	GET	/users	undefined
20221031	12:48:50	84a39306-e4d9-4280-baea-0f71fcadaaab	POST	/users	undefined
20221031	12:48:57	30af6671-a83a-4e69-95dd-6c8065225746	GET	/users	undefined
20221031	12:49:43	5dcbae17-617a-476b-844d-8f82732ffe01	POST	/users	undefined
20221031	12:49:54	7adb6504-fa03-4419-af44-80980a0c47f2	POST	/users	undefined
20221031	12:51:12	f3a1c78e-ce25-4139-9213-fba8f04fc71e	GET	/users	undefined
20221031	12:51:48	e815c998-fc12-45d3-9da6-05584949da43	PATCH	/users	undefined
20221031	12:53:01	f02f6bea-524f-4144-be46-936fb9e33c50	POST	/users	undefined
20221031	12:53:05	ef4a7cf9-dc9b-4245-acd5-f6b47c1c3d99	GET	/users	undefined
20221031	12:54:32	dab780bd-f28e-408d-83d0-15d0c3d58d60	DELETE	/users	undefined
20221031	12:54:44	dfead8b7-b38d-49d5-8981-6a11a5c63093	DELETE	/users	undefined
20221031	12:54:59	c100a744-6992-40bb-9100-be82741431e5	GET	/users	undefined
20221031	12:55:13	2b130217-3df1-4b83-9890-4d39eb5b2e75	GET	/users	undefined
20221031	12:55:19	13ee7875-8618-4483-93a4-0bd5f9446bfa	GET	/users	undefined
20221031	12:55:24	a28ff6f9-6204-4525-9c95-a484e1d04145	DELETE	/users	undefined
20221031	12:55:27	fffb996f-c071-44a0-9a8f-6f69552b7db9	GET	/users	undefined
20221031	23:30:18	e4ffbfd9-0935-433c-8cb1-6b0a718297e5	GET	/	undefined
20221031	23:30:18	4b1a6a59-4ab2-40af-b909-1d11c68e223f	GET	/css/style.css	undefined
20221031	23:30:18	33af0f28-a2bb-438b-8d12-fcc3614b17d9	GET	/favicon.ico	undefined
20221031	23:42:01	7410c19d-0f55-4f1d-8c49-395f1f6d95f3	GET	/users	undefined
20221031	23:42:19	a2737e69-464a-40a8-acb7-7957deba26a1	POST	/users	undefined
20221031	23:42:28	260b86c8-3133-4f18-a6aa-43b3203af927	POST	/users	undefined
20221031	23:42:34	bd1bf006-1a1b-4a29-bfbe-6ed6ad2e1402	GET	/users	undefined
20221031	23:43:42	92ab8c82-85bd-45c0-8fd2-41f096fe7ddf	GET	/users	undefined
20221031	23:43:49	ac9e1955-543a-45d3-9ef8-0709bab8c559	DELETE	/users	undefined
20221031	23:43:56	bb062fc4-9fa5-4b85-bcb5-1aaf77220e4e	GET	/users	undefined
20221031	23:44:13	034d37a1-a53d-4a77-a7dc-1efe9a96cab1	DELETE	/users	undefined
20221031	23:44:18	8a4ade37-5523-4964-a592-67cde9f4b450	GET	/users	undefined
20221031	23:46:50	7342fefd-cad6-4413-acc6-7b632773586a	GET	/users	undefined
20221031	23:47:00	6a45b1c1-0d7f-4d30-a3ca-d6952e1c349c	POST	/users	undefined
20221031	23:47:04	4edad082-8dcd-48ac-9acd-74f32eb4c797	GET	/users	undefined
20221031	23:47:23	04d30745-e42c-43c1-98ff-f48d939bff4a	DELETE	/users	undefined
20221031	23:47:28	e52e851a-85f6-4076-98d3-2be2ce3afc4a	GET	/users	undefined
20221031	23:52:44	da5c1a05-3940-4892-8ff7-9906baf83fcf	PATCH	/users	undefined
20221031	23:52:50	9f53c321-0fb4-4bee-9a3d-c466ad777b8d	GET	/users	undefined
20221031	23:52:59	4f131e83-fb94-4089-b111-53d589614b73	PATCH	/users	undefined
20221031	23:53:03	085679ed-c4c0-4cde-9e2f-eb998336468a	GET	/users	undefined
20221031	23:58:48	c769a1ce-cac5-48a2-ae99-703e939a6f0e	PATCH	/users	undefined
20221031	23:58:53	a23e2b10-ad1a-46d7-a48f-b8aa066ee853	GET	/users	undefined
20221031	23:59:05	486d0430-8289-4677-a426-c4f7a65ad562	POST	/users	undefined
20221031	23:59:08	fe4c72a9-c32e-4d5e-9461-513d395ed33f	GET	/users	undefined
20221031	23:59:27	630d1a77-2d33-4588-99d3-e08a3e9d486d	DELETE	/users	undefined
20221031	23:59:31	9c58b204-4f0d-4009-bf27-401a6d2c7c9f	GET	/users	undefined
20221103	00:30:32	6fcc6853-8a48-454c-a233-4d7285b97792	GET	/	undefined
20221103	00:30:32	52e09f87-2886-4c80-b1cc-2eab76400332	GET	/css/style.css	undefined
20221103	00:30:32	b8d906df-4b5c-4d08-af1c-84bfd9bd2b89	GET	/favicon.ico	undefined
20221103	00:32:40	414884f0-6f03-4475-974c-1da5f0ebf06c	GET	/	undefined
20221103	00:32:40	91e553cf-e932-4951-870d-9e4b2722255c	GET	/css/style.css	undefined
20221103	00:33:13	0129ff58-0f9d-47c7-8b08-d31efb2d8986	GET	/jobs	undefined
20221103	00:37:08	cd7f0880-9d08-4b5b-8293-46f960688518	GET	/users	undefined
20221103	00:37:19	35620490-6131-4038-accb-6825988f2586	GET	/jobs	undefined
20221103	00:40:27	c8a88377-2f35-4d68-9bec-98327f0e915a	POST	/jobs	undefined
20221103	00:40:55	6f81203b-0758-448f-a53f-238b3d4c7be4	GET	/users	undefined
20221103	00:41:08	989880e3-84aa-4139-bbbd-ddfce88fa58f	POST	/jobs	undefined
20221103	00:41:17	0b6eccb9-7945-4d52-9e62-d373bb484615	POST	/jobs	undefined
20221103	00:41:23	b26558b8-caf2-4fe9-843c-18028f30c313	GET	/jobs	undefined
